[debug] [2021-02-19T12:22:25.772Z] ----------------------------------------------------------------------
[debug] [2021-02-19T12:22:25.775Z] Command:       C:\Program Files\nodejs\node.exe C:\Users\Michael\AppData\Roaming\npm\node_modules\firebase-tools\lib\bin\firebase.js deploy
[debug] [2021-02-19T12:22:25.775Z] CLI Version:   9.4.0
[debug] [2021-02-19T12:22:25.775Z] Platform:      win32
[debug] [2021-02-19T12:22:25.775Z] Node Version:  v14.15.5
[debug] [2021-02-19T12:22:25.776Z] Time:          Fri Feb 19 2021 08:22:25 GMT-0400 (hora de Venezuela)
[debug] [2021-02-19T12:22:25.776Z] ----------------------------------------------------------------------
[debug] [2021-02-19T12:22:25.777Z] 
[debug] [2021-02-19T12:22:25.786Z] > command requires scopes: ["email","openid","https://www.googleapis.com/auth/cloudplatformprojects.readonly","https://www.googleapis.com/auth/firebase","https://www.googleapis.com/auth/cloud-platform"]
[debug] [2021-02-19T12:22:25.786Z] > authorizing via signed-in user
[debug] [2021-02-19T12:22:25.787Z] [iam] checking project portafolio-79c14 for permissions ["firebase.projects.get","firebasehosting.sites.update"]
[debug] [2021-02-19T12:22:25.789Z] > refreshing access token with scopes: ["email","https://www.googleapis.com/auth/cloud-platform","https://www.googleapis.com/auth/cloudplatformprojects.readonly","https://www.googleapis.com/auth/firebase","openid"]
[debug] [2021-02-19T12:22:25.790Z] >>> HTTP REQUEST POST https://www.googleapis.com/oauth2/v3/token  
 <request body omitted>
[debug] [2021-02-19T12:22:26.632Z] <<< HTTP RESPONSE 200 {"pragma":"no-cache","cache-control":"no-cache, no-store, max-age=0, must-revalidate","expires":"Mon, 01 Jan 1990 00:00:00 GMT","date":"Fri, 19 Feb 2021 12:22:26 GMT","content-type":"application/json; charset=utf-8","vary":"X-Origin, Referer, Origin,Accept-Encoding","server":"scaffolding on HTTPServer2","x-xss-protection":"0","x-frame-options":"SAMEORIGIN","x-content-type-options":"nosniff","alt-svc":"h3-29=\":443\"; ma=2592000,h3-T051=\":443\"; ma=2592000,h3-Q050=\":443\"; ma=2592000,h3-Q046=\":443\"; ma=2592000,h3-Q043=\":443\"; ma=2592000,quic=\":443\"; ma=2592000; v=\"46,43\"","accept-ranges":"none","transfer-encoding":"chunked"}
[debug] [2021-02-19T12:22:26.680Z] >>> HTTP REQUEST POST https://cloudresourcemanager.googleapis.com/v1/projects/portafolio-79c14:testIamPermissions  
 {"permissions":["firebase.projects.get","firebasehosting.sites.update"]}
[debug] [2021-02-19T12:22:27.347Z] <<< HTTP RESPONSE 200 {"content-type":"application/json; charset=UTF-8","vary":"X-Origin, Referer, Origin,Accept-Encoding","date":"Fri, 19 Feb 2021 12:22:27 GMT","server":"ESF","cache-control":"private","x-xss-protection":"0","x-frame-options":"SAMEORIGIN","x-content-type-options":"nosniff","server-timing":"gfet4t7; dur=36","alt-svc":"h3-29=\":443\"; ma=2592000,h3-T051=\":443\"; ma=2592000,h3-Q050=\":443\"; ma=2592000,h3-Q046=\":443\"; ma=2592000,h3-Q043=\":443\"; ma=2592000,quic=\":443\"; ma=2592000; v=\"46,43\"","accept-ranges":"none","transfer-encoding":"chunked"}
[debug] [2021-02-19T12:22:27.349Z] > refreshing access token with scopes: []
[debug] [2021-02-19T12:22:27.349Z] >>> HTTP REQUEST POST https://www.googleapis.com/oauth2/v3/token  
 <request body omitted>
[debug] [2021-02-19T12:22:37.047Z] <<< HTTP RESPONSE 200 {"pragma":"no-cache","expires":"Mon, 01 Jan 1990 00:00:00 GMT","date":"Fri, 19 Feb 2021 12:22:36 GMT","cache-control":"no-cache, no-store, max-age=0, must-revalidate","content-type":"application/json; charset=utf-8","vary":"X-Origin, Referer, Origin,Accept-Encoding","server":"scaffolding on HTTPServer2","x-xss-protection":"0","x-frame-options":"SAMEORIGIN","x-content-type-options":"nosniff","alt-svc":"h3-29=\":443\"; ma=2592000,h3-T051=\":443\"; ma=2592000,h3-Q050=\":443\"; ma=2592000,h3-Q046=\":443\"; ma=2592000,h3-Q043=\":443\"; ma=2592000,quic=\":443\"; ma=2592000; v=\"46,43\"","accept-ranges":"none","transfer-encoding":"chunked"}
[debug] [2021-02-19T12:22:37.099Z] >>> [apiv2][query] GET https://firebase.googleapis.com/v1beta1/projects/portafolio-79c14 [none]
[debug] [2021-02-19T12:22:37.963Z] <<< [apiv2][status] GET https://firebase.googleapis.com/v1beta1/projects/portafolio-79c14 200
[debug] [2021-02-19T12:22:37.964Z] <<< [apiv2][body] GET https://firebase.googleapis.com/v1beta1/projects/portafolio-79c14 {"projectId":"portafolio-79c14","projectNumber":"592874059825","displayName":"Portafolio","name":"projects/portafolio-79c14","resources":{"hostingSite":"portafolio-79c14","storageBucket":"portafolio-79c14.appspot.com","locationId":"europe-west"},"state":"ACTIVE"}
[info] 
[info] === Deploying to 'portafolio-79c14'...
[info] 
[info] i  deploying hosting 
[debug] [2021-02-19T12:22:37.968Z] > refreshing access token with scopes: ["email","https://www.googleapis.com/auth/cloud-platform","https://www.googleapis.com/auth/cloudplatformprojects.readonly","https://www.googleapis.com/auth/firebase","openid"]
[debug] [2021-02-19T12:22:37.969Z] >>> HTTP REQUEST POST https://www.googleapis.com/oauth2/v3/token  
 <request body omitted>
[debug] [2021-02-19T12:22:39.949Z] <<< HTTP RESPONSE 200 {"pragma":"no-cache","expires":"Mon, 01 Jan 1990 00:00:00 GMT","date":"Fri, 19 Feb 2021 12:22:38 GMT","cache-control":"no-cache, no-store, max-age=0, must-revalidate","content-type":"application/json; charset=utf-8","vary":"X-Origin, Referer, Origin,Accept-Encoding","server":"scaffolding on HTTPServer2","x-xss-protection":"0","x-frame-options":"SAMEORIGIN","x-content-type-options":"nosniff","alt-svc":"h3-29=\":443\"; ma=2592000,h3-T051=\":443\"; ma=2592000,h3-Q050=\":443\"; ma=2592000,h3-Q046=\":443\"; ma=2592000,h3-Q043=\":443\"; ma=2592000,quic=\":443\"; ma=2592000; v=\"46,43\"","accept-ranges":"none","transfer-encoding":"chunked"}
[debug] [2021-02-19T12:22:39.976Z] >>> HTTP REQUEST POST https://firebasehosting.googleapis.com/v1beta1/sites/portafolio-79c14/versions  
 {"config":{"rewrites":[{"glob":"**","path":"/index.html"}]},"labels":{"deployment-tool":"cli-firebase"}}
[debug] [2021-02-19T12:22:42.089Z] <<< HTTP RESPONSE 200 {"content-type":"application/json; charset=UTF-8","vary":"X-Origin, Referer, Origin,Accept-Encoding","date":"Fri, 19 Feb 2021 12:22:42 GMT","server":"ESF","cache-control":"private","x-xss-protection":"0","x-frame-options":"SAMEORIGIN","x-content-type-options":"nosniff","alt-svc":"h3-29=\":443\"; ma=2592000,h3-T051=\":443\"; ma=2592000,h3-Q050=\":443\"; ma=2592000,h3-Q046=\":443\"; ma=2592000,h3-Q043=\":443\"; ma=2592000,quic=\":443\"; ma=2592000; v=\"46,43\"","accept-ranges":"none","transfer-encoding":"chunked"}
[info] i  hosting[portafolio-79c14]: beginning deploy... 
[info] i  hosting[portafolio-79c14]: found 100 files in build 
[debug] [2021-02-19T12:22:42.142Z] [hosting] hash cache [YnVpbGQ] not populated
[debug] [2021-02-19T12:22:43.956Z] > refreshing access token with scopes: []
[debug] [2021-02-19T12:22:43.960Z] >>> HTTP REQUEST POST https://www.googleapis.com/oauth2/v3/token  
 <request body omitted>
[debug] [2021-02-19T12:22:44.011Z] [hosting] hash cache [YnVpbGQ] stored for 100 files
[debug] [2021-02-19T12:22:44.011Z] [hosting][hash queue][FINAL] {"max":1763,"min":48,"avg":461.47,"active":0,"complete":100,"success":100,"errored":0,"retried":0,"total":100,"elapsed":1869}
[debug] [2021-02-19T12:23:05.428Z] [populateQueue] Retrying task index 0
[debug] [2021-02-19T12:23:05.429Z] > refreshing access token with scopes: []
[debug] [2021-02-19T12:23:05.429Z] >>> HTTP REQUEST POST https://www.googleapis.com/oauth2/v3/token  
 <request body omitted>
[debug] [2021-02-19T12:23:06.422Z] <<< HTTP RESPONSE 200 {"expires":"Mon, 01 Jan 1990 00:00:00 GMT","date":"Fri, 19 Feb 2021 12:23:06 GMT","pragma":"no-cache","cache-control":"no-cache, no-store, max-age=0, must-revalidate","content-type":"application/json; charset=utf-8","vary":"X-Origin, Referer, Origin,Accept-Encoding","server":"scaffolding on HTTPServer2","x-xss-protection":"0","x-frame-options":"SAMEORIGIN","x-content-type-options":"nosniff","alt-svc":"h3-29=\":443\"; ma=2592000,h3-T051=\":443\"; ma=2592000,h3-Q050=\":443\"; ma=2592000,h3-Q046=\":443\"; ma=2592000,h3-Q043=\":443\"; ma=2592000,quic=\":443\"; ma=2592000; v=\"46,43\"","accept-ranges":"none","transfer-encoding":"chunked"}
[debug] [2021-02-19T12:23:06.482Z] >>> [apiv2][query] POST https://firebasehosting.googleapis.com/v1beta1/sites/portafolio-79c14/versions/78972af0bcfbaefb:populateFiles [none]
[debug] [2021-02-19T12:23:06.483Z] >>> [apiv2][body] POST https://firebasehosting.googleapis.com/v1beta1/sites/portafolio-79c14/versions/78972af0bcfbaefb:populateFiles {"files":{"/asset-manifest.json":"b1b61030eae0463c719786fe49a68955ac91eb2426a6e787a8f3acc94e46fce3","/index.html":"3cff28f8b62c276abd03750f11cce4b0b110d95aae88b7fca688f60569a6dcab","/manifest.json":"aff3449bdc238776f5d6d967f19ec491b36aed5fb7f23ccff6500736fd58494a","/logo192.png":"3ee59515172ee198f3be375979df15ac5345183e656720a381b8872b2a39dc8b","/react.ico":"eae62e993eb980ec8a25058c39d5a51feab118bd2100c4deebb2a9c158ec11f9","/robots.txt":"bfe106a3fb878dc83461c86818bf74fc1bdc7f28538ba613cd3e775516ce8b49","/img/avatar.svg":"ad4df9895a54e0fb1eb164692ce61144a8aa5ada1f4ef570e0fe4838701e57e2","/img/iconinstagram.png":"79cf2de69aca0b64c04f4e6a4e9e895e19c93a2a685b23eb37f322bccebae2b2","/img/icontwiter.png":"039452c8bda4ab2f4f8a596a5412a0731c0743ff00a3219a1a355fff01b1c668","/img/logo.png":"4925f2ec61681f9e5f45226458c37ea795231edf6215e571fc684216742da538","/img/img/avatar.svg":"ad4df9895a54e0fb1eb164692ce61144a8aa5ada1f4ef570e0fe4838701e57e2","/img/pokeball.jpg":"41e320900346ed4521c8e4e558ef863c39fc78ca81b0e74abd2ad259a1d58fcd","/img/camisa_1.png":"788d4268a2e274c42b9278084b8d2b46784641b33e536634626be75b97e93fde","/img/c.png":"788d4268a2e274c42b9278084b8d2b46784641b33e536634626be75b97e93fde","/img/camisa_2.png":"a9439b849923348d9610cb41f1f15e4b4ac51477faecfcc21d55009fefdf76b6","/img/camisa_3.png":"df73a5640127f8ddddbc7e5593776de2d060d5c36816b545ca7ab0b847e037fd","/img/camisa_5.png":"58f1365ba285bf85ea1a5e21f394fd2b19bd728daf14f6563e32a6dc3f632461","/img/camisa_8.png":"ab5ed1ab294526d204eff97da8ea26d53f881cefb49b5b70d202dece9eb19959","/img/img/c.png":"788d4268a2e274c42b9278084b8d2b46784641b33e536634626be75b97e93fde","/img/img/camisa_1.png":"788d4268a2e274c42b9278084b8d2b46784641b33e536634626be75b97e93fde","/img/img/camisa_2.png":"a9439b849923348d9610cb41f1f15e4b4ac51477faecfcc21d55009fefdf76b6","/img/img/camisa_3.png":"df73a5640127f8ddddbc7e5593776de2d060d5c36816b545ca7ab0b847e037fd","/img/img/camisa_5.png":"58f1365ba285bf85ea1a5e21f394fd2b19bd728daf14f6563e32a6dc3f632461","/img/img/camisa_8.png":"ab5ed1ab294526d204eff97da8ea26d53f881cefb49b5b70d202dece9eb19959","/img/hero.jpg":"af9090bdd77e3464115ebbc8e03b16828e28702e1cc6b76463c46eb7a878cf55","/img/img/iconinstagram.png":"79cf2de69aca0b64c04f4e6a4e9e895e19c93a2a685b23eb37f322bccebae2b2","/img/img/icontwiter.png":"039452c8bda4ab2f4f8a596a5412a0731c0743ff00a3219a1a355fff01b1c668","/img/img/logo.png":"4925f2ec61681f9e5f45226458c37ea795231edf6215e571fc684216742da538","/img/camisa_4.png":"00580347054719f9e6bd3f56241172585f1614651a6e4924f6abbe389143ee65","/img/camisa_6.png":"f8c065991c93e2b1be7e191958fcc7776fac346e5d4e8bc1ffef40cb824946bf","/img/camisa_7.png":"4001393d683fd99c3b7edb20443e1443b47955adde3d54eefc8f4cefbfbf2724","/img/img/camisa_4.png":"00580347054719f9e6bd3f56241172585f1614651a6e4924f6abbe389143ee65","/img/img/camisa_6.png":"f8c065991c93e2b1be7e191958fcc7776fac346e5d4e8bc1ffef40cb824946bf","/img/img/camisa_7.png":"4001393d683fd99c3b7edb20443e1443b47955adde3d54eefc8f4cefbfbf2724","/img/img/logo/css3.png":"54d89d3e413568b38fcf7fe800fe9578b4863f00f41b5ba69d71f5b967a5af04","/img/img/logo/face.png":"ff71f39cff8f2eb7e5380ca8f277aa7c92772ebc8620661f6bc4c6614f0f1e98","/img/img/logo/html5.png":"0732a972e780c66ea450d3132807ab4351a6c95400a7606447f5be3cb8aee819","/img/img/logo/react.png":"ee7e2f3fdb8209c4b6fd7bef6ba50d1b9dba30a25bb5c3126df057e1cb6f5331","/img/img/pokeball.jpg":"41e320900346ed4521c8e4e558ef863c39fc78ca81b0e74abd2ad259a1d58fcd","/img/img/logo/github.png":"d4fd055f78999f37fa36538f3d02f1d34a9286dfa41a8f82bb31d488da40a71a","/img/img/logo/iconface2.png":"5a52090779c3aae3778dabcb0360295003e8e17f88b44e485139ad4e8107e955","/img/logo/corazon.png":"e5a60e8ff64beb9558b15c2cf31f8d01bffc91a1bfd42a49bcc8e06fbb870ff0","/img/img/hero.jpg":"af9090bdd77e3464115ebbc8e03b16828e28702e1cc6b76463c46eb7a878cf55","/img/img/logo/tailwindcss.png":"7ca2f15326ead71ce21147af8c0542f6eeb37f065792614e7c58b0f5836b73c2","/img/logo/css3.png":"54d89d3e413568b38fcf7fe800fe9578b4863f00f41b5ba69d71f5b967a5af04","/img/logo/face.png":"ff71f39cff8f2eb7e5380ca8f277aa7c92772ebc8620661f6bc4c6614f0f1e98","/img/logo/html5.png":"0732a972e780c66ea450d3132807ab4351a6c95400a7606447f5be3cb8aee819","/img/logo/react.png":"ee7e2f3fdb8209c4b6fd7bef6ba50d1b9dba30a25bb5c3126df057e1cb6f5331","/img/logo/github.png":"d4fd055f78999f37fa36538f3d02f1d34a9286dfa41a8f82bb31d488da40a71a","/img/logo/iconface2.png":"5a52090779c3aae3778dabcb0360295003e8e17f88b44e485139ad4e8107e955","/img/logo/tailwindcss.png":"7ca2f15326ead71ce21147af8c0542f6eeb37f065792614e7c58b0f5836b73c2","/static/js/2.8c679c7c.chunk.js.LICENSE.txt":"19bd414831a3ea65bf20ff18fc787c567e827e55853e83c9502c953c0a0b2622","/static/js/main.b85ace03.chunk.js":"e37cc0f6e1d4dd9324c0491876b88873b8e490a64b2dc570934186df9e42a024","/static/js/main.b85ace03.chunk.js.map":"cae0d9008103123f20fb0db12d489576e3c3778938af89aa81cf1f5df220fe4c","/static/js/runtime-main.57fee859.js":"7a402fffd1ab63a7c58be6fc6f0ae53c630c4f4750786c8ee067519fbab6c555","/img/lugia.jpg":"1063774a388db53ea68cb4c27193bdb61a2f1fe851158e8c92aa6defe3990735","/static/js/runtime-main.57fee859.js.map":"acfbc86e39a19d068cb9372aca4e51df5d17a48d746b97c82ff95096d0814dac","/img/img/lugia.jpg":"1063774a388db53ea68cb4c27193bdb61a2f1fe851158e8c92aa6defe3990735","/img/logo/like.jpg":"23b0811db640a16646e09c976e886c8390148c67cc2275fd9566047f3b3807e2","/img/inicio2.jpg":"925f779221518252ec0136df50de5836656bbe87b00b5222f439b0756bff31a5","/img/img/logo/javascript.png":"c5bcfa1d8bc19cde3e68c1c73f76301d8bddad1606e87690a51e164f5c5043ef","/img/logo/javascript.png":"c5bcfa1d8bc19cde3e68c1c73f76301d8bddad1606e87690a51e164f5c5043ef","/img/img/inicio2.jpg":"925f779221518252ec0136df50de5836656bbe87b00b5222f439b0756bff31a5","/img/logo/descarga.jpg":"0797ed1bb198e963ebc1ade14f449ac65bd13238d76e395dc841a758f35795dd","/static/js/2.8c679c7c.chunk.js":"5718e0ebf5d60ae19c4540acd8556cfd139a821aedbdfe2f450d5c80ce3690fa","/img/habilidades5.jpg":"76fb82c1d39e707659a74d3c3ee2964ffb277164d6803f36f7838c5bad03f030","/img/img/habilidades5.jpg":"76fb82c1d39e707659a74d3c3ee2964ffb277164d6803f36f7838c5bad03f030","/img/faro.jpg":"69887c19d68483fb658477632f1012ab646cf65da7ab6ed236e4d583dfe247f2","/img/img/faro.jpg":"69887c19d68483fb658477632f1012ab646cf65da7ab6ed236e4d583dfe247f2","/img/satelite2.jpg":"1ad5d331ae03fd28df58d6747387a42f0b200135756a9293cca3e897f03b3ed2","/img/logo/corazon2.jpg":"1e0c9bd848470f314938ac34dc8c45820ac32eada18c98f719c12338f6609b93","/img/img/satelite2.jpg":"1ad5d331ae03fd28df58d6747387a42f0b200135756a9293cca3e897f03b3ed2","/img/logo/user.jpg":"16879fe3c08d7f42872d4baa013e9e7486a4aa3ebdace0a821b90abd483f7cfa","/img/logo/corazon1.jpg":"dfe0981f476dd5e323aa4abd32e5b7d3de6b86d58e4812119f850f2525db8b96","/img/habilidades4.jpg":"78f558ce5a821ede2e82cce457d8a7a2f88b71d855d3c00169fdbc65a79625bf","/img/img/habilidades4.jpg":"78f558ce5a821ede2e82cce457d8a7a2f88b71d855d3c00169fdbc65a79625bf","/img/habilidades1.jpg":"4054d6a11cadbdb6fa0d9eabb8a48336697ad45b74487ad3f073964b56c232de","/img/img/mano.jpg":"4054d6a11cadbdb6fa0d9eabb8a48336697ad45b74487ad3f073964b56c232de","/img/satelite.jpg":"507bf648743c06236c0b6de2cd1a5162d9cfa0b6f72a82625fbad20b539fd6da","/static/js/2.8c679c7c.chunk.js.map":"c318ddbcd40bfebd623e03c9ace82f136411ecf755e1a6e8dbe356226bc460aa","/img/inicio3.jpg":"409ba3f6af424c136462b46ee9ca3521cee522fa725e2e1eba197d664ce31ca7","/img/img/satelite.jpg":"507bf648743c06236c0b6de2cd1a5162d9cfa0b6f72a82625fbad20b539fd6da","/img/img/inicio3.jpg":"409ba3f6af424c136462b46ee9ca3521cee522fa725e2e1eba197d664ce31ca7","/static/media/inicio3.1456b19a.jpg":"409ba3f6af424c136462b46ee9ca3521cee522fa725e2e1eba197d664ce31ca7","/img/habilidades6.jpg":"10b055eb11a43fd960ee3ab6a956179e9b8a34d49fbd3b595dfbb601b4f4227f","/stylesTailwind.css":"4df5112ae5ebde4ae255e470161980f292f477246cb58fdf642fa48369b7b159","/img/img/habilidades6.jpg":"10b055eb11a43fd960ee3ab6a956179e9b8a34d49fbd3b595dfbb601b4f4227f","/img/inicio.jpg":"7690748491b1d234e436a7f46c66a6ec36ddadb5fb5906a4c1391693b61bb057","/img/img/inicio.jpg":"7690748491b1d234e436a7f46c66a6ec36ddadb5fb5906a4c1391693b61bb057","/img/proyectos2.jpg":"78cc05a5f349e6becb5bad62fbc38cfb3388421ec35071ebe7a91d2322c9e13b","/img/img/proyectos2.jpg":"78cc05a5f349e6becb5bad62fbc38cfb3388421ec35071ebe7a91d2322c9e13b","/img/habilidades2.jpg":"0b0b3073751f1dd962a1364d2bdc35323131c24a84fcb40ab3f1c822991cd009","/img/img/habilidades2.jpg":"0b0b3073751f1dd962a1364d2bdc35323131c24a84fcb40ab3f1c822991cd009","/static/css/main.a4b9788e.chunk.css":"94d38ace987a1483ef1a6ea7a91a84fab62c35caf99eb4a6fa40af07db8cbfd9","/img/proyectos1.jpg":"b74e895d230901b3a55b46ab2fba8c436bece6a6a215bbfbcb21c22924e93170","/img/img/proyectos1.jpg":"b74e895d230901b3a55b46ab2fba8c436bece6a6a215bbfbcb21c22924e93170","/static/media/proyectos1.471ca068.jpg":"b74e895d230901b3a55b46ab2fba8c436bece6a6a215bbfbcb21c22924e93170","/img/img/habilidades3.jpg":"6280c79ec9b246c00d0eff0802171d8242f7f629081365366beb45e1146d4951","/img/habilidades3.jpg":"6280c79ec9b246c00d0eff0802171d8242f7f629081365366beb45e1146d4951","/static/css/main.a4b9788e.chunk.css.map":"60392e0383ca213ae0f85d9a6d781efd56fa07d457a9decdf61989c954f63234"}}
[debug] [2021-02-19T12:23:08.003Z] <<< [apiv2][status] POST https://firebasehosting.googleapis.com/v1beta1/sites/portafolio-79c14/versions/78972af0bcfbaefb:populateFiles 200
[debug] [2021-02-19T12:23:08.004Z] <<< [apiv2][body] POST https://firebasehosting.googleapis.com/v1beta1/sites/portafolio-79c14/versions/78972af0bcfbaefb:populateFiles {"uploadRequiredHashes":["0b0b3073751f1dd962a1364d2bdc35323131c24a84fcb40ab3f1c822991cd009","b74e895d230901b3a55b46ab2fba8c436bece6a6a215bbfbcb21c22924e93170"],"uploadUrl":"https://upload-firebasehosting.googleapis.com/upload/sites/portafolio-79c14/versions/78972af0bcfbaefb/files"}
[debug] [2021-02-19T12:23:08.006Z] >>> [apiv2][query] POST https://upload-firebasehosting.googleapis.com/upload/sites/portafolio-79c14/versions/78972af0bcfbaefb/files/0b0b3073751f1dd962a1364d2bdc35323131c24a84fcb40ab3f1c822991cd009 [none]
[debug] [2021-02-19T12:23:08.007Z] >>> [apiv2][body] POST https://upload-firebasehosting.googleapis.com/upload/sites/portafolio-79c14/versions/78972af0bcfbaefb/files/0b0b3073751f1dd962a1364d2bdc35323131c24a84fcb40ab3f1c822991cd009 [stream]
[debug] [2021-02-19T12:23:08.009Z] >>> [apiv2][query] POST https://upload-firebasehosting.googleapis.com/upload/sites/portafolio-79c14/versions/78972af0bcfbaefb/files/b74e895d230901b3a55b46ab2fba8c436bece6a6a215bbfbcb21c22924e93170 [none]
[debug] [2021-02-19T12:23:08.009Z] >>> [apiv2][body] POST https://upload-firebasehosting.googleapis.com/upload/sites/portafolio-79c14/versions/78972af0bcfbaefb/files/b74e895d230901b3a55b46ab2fba8c436bece6a6a215bbfbcb21c22924e93170 [stream]
[debug] [2021-02-19T12:23:08.011Z] [hosting][populate queue][FINAL] {"max":2578,"min":2578,"avg":2578,"active":0,"complete":1,"success":1,"errored":0,"retried":1,"total":1,"elapsed":24057}
[debug] [2021-02-19T12:23:08.011Z] [hosting] uploads queued: 2
[debug] [2021-02-19T12:23:48.549Z] [uploadQueue] Retrying task 0b0b3073751f1dd962a1364d2bdc35323131c24a84fcb40ab3f1c822991cd009
[debug] [2021-02-19T12:23:48.550Z] >>> [apiv2][query] POST https://upload-firebasehosting.googleapis.com/upload/sites/portafolio-79c14/versions/78972af0bcfbaefb/files/0b0b3073751f1dd962a1364d2bdc35323131c24a84fcb40ab3f1c822991cd009 [none]
[debug] [2021-02-19T12:23:48.550Z] >>> [apiv2][body] POST https://upload-firebasehosting.googleapis.com/upload/sites/portafolio-79c14/versions/78972af0bcfbaefb/files/0b0b3073751f1dd962a1364d2bdc35323131c24a84fcb40ab3f1c822991cd009 [stream]
[debug] [2021-02-19T12:24:11.267Z] [uploadQueue] Retrying task b74e895d230901b3a55b46ab2fba8c436bece6a6a215bbfbcb21c22924e93170
[debug] [2021-02-19T12:24:11.268Z] >>> [apiv2][query] POST https://upload-firebasehosting.googleapis.com/upload/sites/portafolio-79c14/versions/78972af0bcfbaefb/files/b74e895d230901b3a55b46ab2fba8c436bece6a6a215bbfbcb21c22924e93170 [none]
[debug] [2021-02-19T12:24:11.268Z] >>> [apiv2][body] POST https://upload-firebasehosting.googleapis.com/upload/sites/portafolio-79c14/versions/78972af0bcfbaefb/files/b74e895d230901b3a55b46ab2fba8c436bece6a6a215bbfbcb21c22924e93170 [stream]
[debug] [2021-02-19T12:24:29.491Z] [uploadQueue] Retrying task 0b0b3073751f1dd962a1364d2bdc35323131c24a84fcb40ab3f1c822991cd009
[debug] [2021-02-19T12:24:29.492Z] >>> [apiv2][query] POST https://upload-firebasehosting.googleapis.com/upload/sites/portafolio-79c14/versions/78972af0bcfbaefb/files/0b0b3073751f1dd962a1364d2bdc35323131c24a84fcb40ab3f1c822991cd009 [none]
[debug] [2021-02-19T12:24:29.492Z] >>> [apiv2][body] POST https://upload-firebasehosting.googleapis.com/upload/sites/portafolio-79c14/versions/78972af0bcfbaefb/files/0b0b3073751f1dd962a1364d2bdc35323131c24a84fcb40ab3f1c822991cd009 [stream]
[debug] [2021-02-19T12:24:42.604Z] [uploadQueue] Retrying task 0b0b3073751f1dd962a1364d2bdc35323131c24a84fcb40ab3f1c822991cd009
[debug] [2021-02-19T12:24:42.605Z] >>> [apiv2][query] POST https://upload-firebasehosting.googleapis.com/upload/sites/portafolio-79c14/versions/78972af0bcfbaefb/files/0b0b3073751f1dd962a1364d2bdc35323131c24a84fcb40ab3f1c822991cd009 [none]
[debug] [2021-02-19T12:24:42.605Z] >>> [apiv2][body] POST https://upload-firebasehosting.googleapis.com/upload/sites/portafolio-79c14/versions/78972af0bcfbaefb/files/0b0b3073751f1dd962a1364d2bdc35323131c24a84fcb40ab3f1c822991cd009 [stream]
[debug] [2021-02-19T12:24:57.316Z] [uploadQueue] Retrying task 0b0b3073751f1dd962a1364d2bdc35323131c24a84fcb40ab3f1c822991cd009
[debug] [2021-02-19T12:24:57.316Z] >>> [apiv2][query] POST https://upload-firebasehosting.googleapis.com/upload/sites/portafolio-79c14/versions/78972af0bcfbaefb/files/0b0b3073751f1dd962a1364d2bdc35323131c24a84fcb40ab3f1c822991cd009 [none]
[debug] [2021-02-19T12:24:57.316Z] >>> [apiv2][body] POST https://upload-firebasehosting.googleapis.com/upload/sites/portafolio-79c14/versions/78972af0bcfbaefb/files/0b0b3073751f1dd962a1364d2bdc35323131c24a84fcb40ab3f1c822991cd009 [stream]
[debug] [2021-02-19T12:25:03.719Z] [uploadQueue] Retrying task 0b0b3073751f1dd962a1364d2bdc35323131c24a84fcb40ab3f1c822991cd009
[debug] [2021-02-19T12:25:03.720Z] >>> [apiv2][query] POST https://upload-firebasehosting.googleapis.com/upload/sites/portafolio-79c14/versions/78972af0bcfbaefb/files/0b0b3073751f1dd962a1364d2bdc35323131c24a84fcb40ab3f1c822991cd009 [none]
[debug] [2021-02-19T12:25:03.720Z] >>> [apiv2][body] POST https://upload-firebasehosting.googleapis.com/upload/sites/portafolio-79c14/versions/78972af0bcfbaefb/files/0b0b3073751f1dd962a1364d2bdc35323131c24a84fcb40ab3f1c822991cd009 [stream]
[debug] [2021-02-19T12:25:03.722Z] FirebaseError: Task 0b0b3073751f1dd962a1364d2bdc35323131c24a84fcb40ab3f1c822991cd009 failed: retries exhausted after 6 attempts
[debug] [2021-02-19T12:25:03.722Z] [hosting][upload queue][FINAL] {"max":0,"min":9999999999,"avg":0,"active":1,"complete":1,"success":0,"errored":1,"retried":6,"total":2,"elapsed":115718}
[debug] [2021-02-19T12:25:14.929Z] [uploadQueue] Retrying task b74e895d230901b3a55b46ab2fba8c436bece6a6a215bbfbcb21c22924e93170
[debug] [2021-02-19T12:25:14.929Z] >>> [apiv2][query] POST https://upload-firebasehosting.googleapis.com/upload/sites/portafolio-79c14/versions/78972af0bcfbaefb/files/b74e895d230901b3a55b46ab2fba8c436bece6a6a215bbfbcb21c22924e93170 [none]
[debug] [2021-02-19T12:25:14.929Z] >>> [apiv2][body] POST https://upload-firebasehosting.googleapis.com/upload/sites/portafolio-79c14/versions/78972af0bcfbaefb/files/b74e895d230901b3a55b46ab2fba8c436bece6a6a215bbfbcb21c22924e93170 [stream]
[debug] [2021-02-19T12:25:16.531Z] [uploadQueue] Retrying task b74e895d230901b3a55b46ab2fba8c436bece6a6a215bbfbcb21c22924e93170
[debug] [2021-02-19T12:25:16.532Z] >>> [apiv2][query] POST https://upload-firebasehosting.googleapis.com/upload/sites/portafolio-79c14/versions/78972af0bcfbaefb/files/b74e895d230901b3a55b46ab2fba8c436bece6a6a215bbfbcb21c22924e93170 [none]
[debug] [2021-02-19T12:25:16.532Z] >>> [apiv2][body] POST https://upload-firebasehosting.googleapis.com/upload/sites/portafolio-79c14/versions/78972af0bcfbaefb/files/b74e895d230901b3a55b46ab2fba8c436bece6a6a215bbfbcb21c22924e93170 [stream]
[debug] [2021-02-19T12:25:19.734Z] [uploadQueue] Retrying task b74e895d230901b3a55b46ab2fba8c436bece6a6a215bbfbcb21c22924e93170
[debug] [2021-02-19T12:25:19.734Z] >>> [apiv2][query] POST https://upload-firebasehosting.googleapis.com/upload/sites/portafolio-79c14/versions/78972af0bcfbaefb/files/b74e895d230901b3a55b46ab2fba8c436bece6a6a215bbfbcb21c22924e93170 [none]
[debug] [2021-02-19T12:25:19.734Z] >>> [apiv2][body] POST https://upload-firebasehosting.googleapis.com/upload/sites/portafolio-79c14/versions/78972af0bcfbaefb/files/b74e895d230901b3a55b46ab2fba8c436bece6a6a215bbfbcb21c22924e93170 [stream]
[debug] [2021-02-19T12:25:37.649Z] [uploadQueue] Retrying task b74e895d230901b3a55b46ab2fba8c436bece6a6a215bbfbcb21c22924e93170
[debug] [2021-02-19T12:25:37.649Z] >>> [apiv2][query] POST https://upload-firebasehosting.googleapis.com/upload/sites/portafolio-79c14/versions/78972af0bcfbaefb/files/b74e895d230901b3a55b46ab2fba8c436bece6a6a215bbfbcb21c22924e93170 [none]
[debug] [2021-02-19T12:25:37.649Z] >>> [apiv2][body] POST https://upload-firebasehosting.googleapis.com/upload/sites/portafolio-79c14/versions/78972af0bcfbaefb/files/b74e895d230901b3a55b46ab2fba8c436bece6a6a215bbfbcb21c22924e93170 [stream]
[debug] [2021-02-19T12:25:37.651Z] FirebaseError: Task b74e895d230901b3a55b46ab2fba8c436bece6a6a215bbfbcb21c22924e93170 failed: retries exhausted after 6 attempts
